<?xml version="1.0" encoding="UTF-8"?>
<testsuite name="com.bridgeLabz.MyBinaryTreeTest" tests="1" skipped="0" failures="0" errors="0" timestamp="2021-04-25T15:38:55" hostname="RAKESH" time="0.028">
  <properties/>
  <testcase name="given3NumbersWhenAddedToBSTShouldReturnSize3()" classname="com.bridgeLabz.MyBinaryTreeTest" time="0.028"/>
  <system-out><![CDATA[]]></system-out>
  <system-err><![CDATA[]]></system-err>
</testsuite>
